0 verbose cli C:\Program Files\nodejs\node.exe C:\Program Files\nodejs\node_modules\npm\bin\npm-cli.js
1 info using npm@10.9.0
2 info using node@v23.3.0
3 silly config load:file:C:\Program Files\nodejs\node_modules\npm\npmrc
4 silly config load:file:C:\Users\saadr\Desktop\New folder\BookRoute\.npmrc
5 silly config load:file:C:\Users\saadr\.npmrc
6 silly config load:file:C:\Users\saadr\AppData\Roaming\npm\etc\npmrc
7 verbose title npm install @kinde-oss/react-native
8 verbose argv "install" "@kinde-oss/react-native"
9 verbose logfile logs-max:10 dir:C:\Users\saadr\Desktop\New folder\BookRoute\%APPDATA%\npm-cache\_logs\2025-01-08T12_32_55_066Z-
10 verbose logfile C:\Users\saadr\Desktop\New folder\BookRoute\%APPDATA%\npm-cache\_logs\2025-01-08T12_32_55_066Z-debug-0.log
11 silly logfile start cleaning logs, removing 1 files
12 silly packumentCache heap:4345298944 maxSize:1086324736 maxEntrySize:543162368
13 silly logfile done cleaning log files
14 silly idealTree buildDeps
15 silly fetch manifest @kinde-oss/react-native@*
16 silly packumentCache full:https://registry.npmjs.org/@kinde-oss%2freact-native cache-miss
17 http fetch GET 404 https://registry.npmjs.org/@kinde-oss%2freact-native 1356ms (cache skip)
18 silly placeDep ROOT @kinde-oss/react-native@ OK for: bookroute@1.0.0 want: *
19 verbose stack HttpErrorGeneral: 404 Not Found - GET https://registry.npmjs.org/@kinde-oss%2freact-native - Not found
19 verbose stack     at C:\Program Files\nodejs\node_modules\npm\node_modules\npm-registry-fetch\lib\check-response.js:95:15
19 verbose stack     at process.processTicksAndRejections (node:internal/process/task_queues:105:5)
19 verbose stack     at async RegistryFetcher.packument (C:\Program Files\nodejs\node_modules\npm\node_modules\pacote\lib\registry.js:90:19)
19 verbose stack     at async RegistryFetcher.manifest (C:\Program Files\nodejs\node_modules\npm\node_modules\pacote\lib\registry.js:128:23)
19 verbose stack     at async #fetchManifest (C:\Program Files\nodejs\node_modules\npm\node_modules\@npmcli\arborist\lib\arborist\build-ideal-tree.js:1202:20)
19 verbose stack     at async #nodeFromEdge (C:\Program Files\nodejs\node_modules\npm\node_modules\@npmcli\arborist\lib\arborist\build-ideal-tree.js:1040:19)
19 verbose stack     at async #buildDepStep (C:\Program Files\nodejs\node_modules\npm\node_modules\@npmcli\arborist\lib\arborist\build-ideal-tree.js:904:11)
19 verbose stack     at async Arborist.buildIdealTree (C:\Program Files\nodejs\node_modules\npm\node_modules\@npmcli\arborist\lib\arborist\build-ideal-tree.js:181:7)
19 verbose stack     at async Promise.all (index 1)
19 verbose stack     at async Arborist.reify (C:\Program Files\nodejs\node_modules\npm\node_modules\@npmcli\arborist\lib\arborist\reify.js:131:5)
20 verbose statusCode 404
21 verbose pkgid @kinde-oss/react-native@*
22 error code E404
23 error 404 Not Found - GET https://registry.npmjs.org/@kinde-oss%2freact-native - Not found
24 error 404
25 error 404  '@kinde-oss/react-native@*' is not in this registry.
26 error 404
27 error 404 Note that you can also install from a
28 error 404 tarball, folder, http url, or git url.
29 silly unfinished npm timer reify 1736339575940
30 silly unfinished npm timer reify:loadTrees 1736339575940
31 verbose cwd C:\Users\saadr\Desktop\New folder\BookRoute
32 verbose os Windows_NT 10.0.22631
33 verbose node v23.3.0
34 verbose npm  v10.9.0
35 verbose exit 1
36 verbose code 1
37 error A complete log of this run can be found in: C:\Users\saadr\Desktop\New folder\BookRoute\%APPDATA%\npm-cache\_logs\2025-01-08T12_32_55_066Z-debug-0.log
